2018-01-03 15:59:08,973 [main] TRACE  sapient - main thread starts
2018-01-03 15:59:08,973 [main] TRACE  sapient - service constructor invoked
2018-01-03 15:59:08,973 [main] TRACE  sapient - static block called in dao
2018-01-03 15:59:08,973 [main] DEBUG  sapient - Hashmap initialized with 3 account instances
2018-01-03 15:59:08,973 [main] TRACE  sapient - setter setDao() invoked
2018-01-03 15:59:08,973 [main] DEBUG  sapient - injecting dao
2018-01-03 15:59:08,973 [main] INFO   sapient - dao initialized
2018-01-03 15:59:08,973 [main] INFO   sapient - service instance is ready with dao dependancy
2018-01-03 15:59:08,973 [main] DEBUG  sapient - service instance created
2018-01-03 15:59:08,973 [main] INFO   sapient - transfer the amount Rs.5000 from account Id 1001 to 1002
2018-01-03 15:59:08,973 [main] TRACE  sapient - transferFund() invoked in service
2018-01-03 15:59:08,973 [main] TRACE  sapient - getAccount method is invoked
2018-01-03 15:59:08,973 [main] DEBUG  sapient - checking the 1001 against map key
2018-01-03 15:59:08,973 [main] INFO   sapient - Account ID 1001 found
2018-01-03 15:59:08,973 [main] DEBUG  sapient - from account retrieved
2018-01-03 15:59:08,973 [main] TRACE  sapient - getAccount method is invoked
2018-01-03 15:59:08,973 [main] DEBUG  sapient - checking the 1002 against map key
2018-01-03 15:59:08,973 [main] INFO   sapient - Account ID 1002 found
2018-01-03 15:59:08,973 [main] DEBUG  sapient - to account retrieved
2018-01-03 15:59:08,973 [main] INFO   sapient - 1001 and 1002 accounts are updated successfully
2018-01-03 15:59:08,973 [main] INFO   sapient - successfully transferred
2018-01-03 15:59:08,973 [main] INFO   sapient - transfer the amount Rs.5000 from account Id 1003 to 1002
2018-01-03 15:59:08,973 [main] TRACE  sapient - transferFund() invoked in service
2018-01-03 15:59:08,973 [main] TRACE  sapient - getAccount method is invoked
2018-01-03 15:59:08,973 [main] DEBUG  sapient - checking the 1003 against map key
2018-01-03 15:59:08,973 [main] INFO   sapient - Account ID 1003 found
2018-01-03 15:59:08,973 [main] DEBUG  sapient - from account retrieved
2018-01-03 15:59:08,973 [main] TRACE  sapient - getAccount method is invoked
2018-01-03 15:59:08,973 [main] DEBUG  sapient - checking the 1002 against map key
2018-01-03 15:59:08,973 [main] INFO   sapient - Account ID 1002 found
2018-01-03 15:59:08,973 [main] DEBUG  sapient - to account retrieved
2018-01-03 15:59:08,973 [main] ERROR  sapient - no sufficient fund to transfer
com.sapient.exceptions.BalException: no sufficient fund to transfer
	at com.sapient.service.SerImpl.transferFund(SerImpl.java:38)
	at com.sapient.client.TransferClient.main(TransferClient.java:29)
2018-01-03 15:59:08,973 [main] INFO   sapient - transfer the amount Rs.5000 from account Id 1003 to 1002
2018-01-03 15:59:08,973 [main] TRACE  sapient - transferFund() invoked in service
2018-01-03 15:59:08,973 [main] TRACE  sapient - getAccount method is invoked
2018-01-03 15:59:08,973 [main] DEBUG  sapient - checking the 2003 against map key
2018-01-03 15:59:08,973 [main] ERROR  sapient - ID not found
com.sapient.exceptions.IDException: ID not found
	at com.sapient.dao.DaoImpl.getAccount(DaoImpl.java:32)
	at com.sapient.service.SerImpl.transferFund(SerImpl.java:33)
	at com.sapient.client.TransferClient.main(TransferClient.java:37)
